IQ-TREE version 3.0.1 for Linux x86 64-bit built Jul  9 2025
Developed by Bui Quang Minh, Thomas Wong, Nhan Ly-Trong, Huaiyan Ren
Contributed by Lam-Tung Nguyen, Dominik Schrempf, Chris Bielow,
Olga Chernomor, Michael Woodhams, Diep Thi Hoang, Heiko Schmidt

Host:    archlinux (AVX, 15 GB RAM)
Command: iqtree -s mafft_res_trimmed.fasta -m MFP -bb 1000 -o Euglossa_imperialis,Eufriesia_caerulescens,Psithyrus_variabilis,Bombus_terrestris,Bombus_pennsylvanicus,Bombus_avinoviellus,Apis_mellifera,Apis_florea,Apis_dorsata,Apis_cerana -nt AUTO
Seed:    795387 (Using SPRNG - Scalable Parallel Random Number Generator)
Time:    Wed Dec  3 11:32:59 2025
Kernel:  AVX - auto-detect threads (8 CPU cores detected)

Reading alignment file mafft_res_trimmed.fasta ... Fasta format detected
Reading fasta file: done in 0.000455564 secs using 16.9% CPU
Alignment most likely contains DNA/RNA sequences
Constructing alignment: done in 0.000616612 secs using 512.6% CPU
WARNING: 84 sites contain only gaps or ambiguous characters.
Alignment has 43 sequences with 492 columns, 242 distinct patterns
162 parsimony-informative, 67 singleton sites, 263 constant sites
                                Gap/Ambiguity  Composition  p-value
Analyzing sequences: done in 1.6128e-05 secs using 80.61% CPU
   1  A_australis                      22.15%    passed     98.87%
   2  A_symei                          31.30%    passed     77.45%
   3  A_togoensis                      22.36%    passed     49.33%
   4  Friesella_schrottkyi             22.36%    passed     97.69%
   5  Frieseomelitta_sp.               21.75%    passed     94.43%
   6  Heterotrigona_sp.                22.76%    passed      5.28%
   7  Hypotrigona_gribodoi             34.96%    passed     72.16%
   8  Lepidotrigona_ventralis          30.89%    passed     12.39%
   9  Lestrimelitta_limao              21.75%    passed     93.05%
  10  Lestrimelitta_limao_2            21.95%    passed     87.66%
  11  Meliplebeia_becarii              22.36%    passed     34.80%
  12  Melipona_compressipes            22.15%    passed     90.56%
  13  Melipona_quadrifasciata          22.15%    passed     99.21%
  14  Meliwillea_bivea                 22.15%    passed     61.25%
  15  Oxytrigona_tataira               22.36%    passed     99.63%
  16  Paratrigona_subnuda              22.36%    passed     76.70%
  17  Partamona_helleri                21.75%    passed     90.55%
  18  Plebeia_droryana                 21.95%    passed     95.06%
  19  Plebeia_julianii                 22.15%    passed     92.36%
  20  Plebeia_nigriceps                22.15%    passed     92.97%
  21  Plebeia_remota                   22.15%    passed     92.97%
  22  Plebeia_saiqui                   22.15%    passed     98.10%
  23  Plebeia_wittmanni                22.15%    passed     86.69%
  24  Plebeina_denoiti                 22.15%    passed     93.60%
  25  Scaptotrigona_depilis            21.54%    passed     47.61%
  26  Scaptotrigona_luteipennis        21.54%    passed     69.33%
  27  Scaptotrigona_subobscuripennis   21.54%    passed     33.51%
  28  Scaura_latitarsis                22.36%    passed     75.03%
  29  Schwarziana_quadripunctata       22.36%    passed     98.57%
  30  Tetragonisca_angustula           22.36%    passed     89.15%
  31  Trigona_amalthea                 22.15%    passed     94.91%
  32  Trigona_fuscipennis              22.36%    passed     85.44%
  33  Trigona_hypogea                  21.95%    passed     93.11%
  34  Apis_cerana                      20.33%    passed     51.15%
  35  Apis_dorsata                     20.33%    passed     80.60%
  36  Apis_florea                      21.54%    passed     98.40%
  37  Apis_mellifera                   20.33%    passed     88.21%
  38  Bombus_avinoviellus              22.56%    passed     67.84%
  39  Bombus_pennsylvanicus            22.15%    passed     77.85%
  40  Bombus_terrestris                22.15%    passed     71.61%
  41  Psithyrus_variabilis             22.76%    passed     60.19%
  42  Eufriesia_caerulescens           20.33%    passed     94.70%
  43  Euglossa_imperialis              18.29%    passed     72.56%
****  TOTAL                            22.59%  0 sequences failed composition chi2 test (p-value<5%; df=3)
Checking for duplicate sequences: done in 0.000142627 secs using 3565% CPU


Create initial parsimony tree by phylogenetic likelihood library (PLL)... 0.003 seconds
Measuring multi-threading efficiency up to 8 CPU cores
Increase to 10 rounds for branch lengths
269 trees examined
Threads: 1 / Time: 8.026 sec / Speedup: 1.000 / Efficiency: 100% / LogL: -4932
Threads: 2 / Time: 5.559 sec / Speedup: 1.444 / Efficiency: 72% / LogL: -4932
Threads: 3 / Time: 4.444 sec / Speedup: 1.806 / Efficiency: 60% / LogL: -4932
Threads: 4 / Time: 4.101 sec / Speedup: 1.957 / Efficiency: 49% / LogL: -4932
Determining AUTO threadcount: done in 22.1306 secs using 213.6% CPU
BEST NUMBER OF THREADS: 3

Perform fast likelihood tree search using GTR+I+G model...
Estimate model parameters (epsilon = 5.000)
Perform nearest neighbor interchange...
Optimizing NNI: done in 0.0437609 secs using 290.8% CPU
Estimate model parameters (epsilon = 1.000)
1. Initial log-likelihood: -4076.740
Optimal log-likelihood: -4076.292
Rate parameters:  A-C: 1.12657  A-G: 8.43856  A-T: 5.70888  C-G: 3.59183  C-T: 5.08220  G-T: 1.00000
Base frequencies:  A: 0.421  C: 0.061  G: 0.119  T: 0.399
Proportion of invariable sites: 0.223
Gamma shape alpha: 0.559
Parameters optimization took 1 rounds (0.014 sec)
Time for fast ML tree search: 0.140 seconds

NOTE: ModelFinder requires 4 MB RAM!
ModelFinder will test up to 968 DNA models (sample size: 492 epsilon: 0.100) ...
 No. Model         -LnL         df  AIC          AICc         BIC
WARNING: Number of threads seems too high for short alignments. Use -T AUTO to determine best number of threads.
  1  JC            4911.457     83  9988.915     10023.091    10337.389
WARNING: Number of threads seems too high for short alignments. Use -T AUTO to determine best number of threads.
  2  JC+I          4672.190     84  9512.380     9547.466     9865.053
WARNING: Number of threads seems too high for short alignments. Use -T AUTO to determine best number of threads.
  3  JC+G4         4544.785     84  9257.569     9292.655     9610.241
WARNING: Number of threads seems too high for short alignments. Use -T AUTO to determine best number of threads.
  4  JC+I+G4       4544.922     85  9259.844     9295.853     9616.714
WARNING: Number of threads seems too high for short alignments. Use -T AUTO to determine best number of threads.
  5  JC+R2         4558.472     85  9286.945     9322.954     9643.815
WARNING: Number of threads seems too high for short alignments. Use -T AUTO to determine best number of threads.
  6  JC+R3         4542.281     87  9258.562     9296.463     9623.830
WARNING: Number of threads seems too high for short alignments. Use -T AUTO to determine best number of threads.
  7  JC+R4         4541.911     89  9261.823     9301.674     9635.487
WARNING: Number of threads seems too high for short alignments. Use -T AUTO to determine best number of threads.
 14  JC+I+R2       4546.420     86  9264.840     9301.789     9625.910
WARNING: Number of threads seems too high for short alignments. Use -T AUTO to determine best number of threads.
 15  JC+I+R3       4542.655     88  9261.310     9300.178     9630.776
 25  JC+G4         4544.785     84  9257.569     9292.655     9610.241
 26  JC+I+G4       4544.922     85  9259.844     9295.853     9616.714
WARNING: Number of threads seems too high for short alignments. Use -T AUTO to determine best number of threads.
 47  F81+G4        4544.785     84  9257.570     9292.656     9610.242
WARNING: Number of threads seems too high for short alignments. Use -T AUTO to determine best number of threads.
 48  F81+I+G4      4544.786     85  9259.572     9295.582     9616.443
WARNING: Number of threads seems too high for short alignments. Use -T AUTO to determine best number of threads.
 69  F81+F+G4      4139.476     87  8452.952     8490.853     8818.220
WARNING: Number of threads seems too high for short alignments. Use -T AUTO to determine best number of threads.
 70  F81+F+I+G4    4138.800     88  8453.600     8492.469     8823.066
WARNING: Number of threads seems too high for short alignments. Use -T AUTO to determine best number of threads.
 91  K2P+G4        4533.571     85  9237.143     9273.153     9594.013
WARNING: Number of threads seems too high for short alignments. Use -T AUTO to determine best number of threads.
 92  K2P+I+G4      4533.434     86  9238.869     9275.817     9599.938
113  K2P+G4        4533.571     85  9237.143     9273.153     9594.013
114  K2P+I+G4      4533.434     86  9238.869     9275.817     9599.938
WARNING: Number of threads seems too high for short alignments. Use -T AUTO to determine best number of threads.
135  HKY+G4        4533.571     85  9237.142     9273.152     9594.013
WARNING: Number of threads seems too high for short alignments. Use -T AUTO to determine best number of threads.
136  HKY+I+G4      4533.360     86  9238.721     9275.669     9599.790
WARNING: Number of threads seems too high for short alignments. Use -T AUTO to determine best number of threads.
157  HKY+F+G4      4124.412     88  8424.825     8463.693     8794.291
WARNING: Number of threads seems too high for short alignments. Use -T AUTO to determine best number of threads.
158  HKY+F+I+G4    4121.803     89  8421.606     8461.457     8795.271
WARNING: Number of threads seems too high for short alignments. Use -T AUTO to determine best number of threads.
179  TNe+G4        4505.410     86  9182.820     9219.768     9543.889
WARNING: Number of threads seems too high for short alignments. Use -T AUTO to determine best number of threads.
180  TNe+I+G4      4505.153     87  9184.305     9222.206     9549.573
201  TNe+G4        4505.410     86  9182.820     9219.768     9543.889
202  TNe+I+G4      4505.153     87  9184.305     9222.206     9549.573
WARNING: Number of threads seems too high for short alignments. Use -T AUTO to determine best number of threads.
223  TN+G4         4505.410     86  9182.819     9219.768     9543.889
WARNING: Number of threads seems too high for short alignments. Use -T AUTO to determine best number of threads.
224  TN+I+G4       4505.105     87  9184.210     9222.111     9549.478
WARNING: Number of threads seems too high for short alignments. Use -T AUTO to determine best number of threads.
245  TN+F+G4       4120.307     89  8418.613     8458.464     8792.278
WARNING: Number of threads seems too high for short alignments. Use -T AUTO to determine best number of threads.
246  TN+F+I+G4     4117.624     90  8415.248     8456.096     8793.111
WARNING: Number of threads seems too high for short alignments. Use -T AUTO to determine best number of threads.
267  K3P+G4        4281.378     86  8734.756     8771.705     9095.826
WARNING: Number of threads seems too high for short alignments. Use -T AUTO to determine best number of threads.
268  K3P+I+G4      4280.096     87  8734.193     8772.094     9099.460
289  K3P+G4        4281.378     86  8734.756     8771.705     9095.826
290  K3P+I+G4      4280.096     87  8734.193     8772.094     9099.460
WARNING: Number of threads seems too high for short alignments. Use -T AUTO to determine best number of threads.
311  K3Pu+G4       4281.375     86  8734.750     8771.698     9095.819
WARNING: Number of threads seems too high for short alignments. Use -T AUTO to determine best number of threads.
312  K3Pu+I+G4     4280.086     87  8734.172     8772.073     9099.440
WARNING: Number of threads seems too high for short alignments. Use -T AUTO to determine best number of threads.
333  K3Pu+F+G4     4080.221     89  8338.441     8378.292     8712.106
WARNING: Number of threads seems too high for short alignments. Use -T AUTO to determine best number of threads.
334  K3Pu+F+I+G4   4079.221     90  8338.443     8379.291     8716.306
WARNING: Number of threads seems too high for short alignments. Use -T AUTO to determine best number of threads.
355  TPM2+G4       4414.324     86  9000.648     9037.596     9361.717
WARNING: Number of threads seems too high for short alignments. Use -T AUTO to determine best number of threads.
356  TPM2+I+G4     4413.363     87  9000.726     9038.627     9365.994
377  TPM2+G4       4414.324     86  9000.648     9037.596     9361.717
378  TPM2+I+G4     4413.363     87  9000.726     9038.627     9365.994
WARNING: Number of threads seems too high for short alignments. Use -T AUTO to determine best number of threads.
399  TPM2u+G4      4414.325     86  9000.649     9037.597     9361.718
WARNING: Number of threads seems too high for short alignments. Use -T AUTO to determine best number of threads.
400  TPM2u+I+G4    4413.342     87  9000.684     9038.585     9365.952
WARNING: Number of threads seems too high for short alignments. Use -T AUTO to determine best number of threads.
421  TPM2u+F+G4    4098.581     89  8375.162     8415.012     8748.826
WARNING: Number of threads seems too high for short alignments. Use -T AUTO to determine best number of threads.
422  TPM2u+F+I+G4  4097.623     90  8375.246     8416.094     8753.109
WARNING: Number of threads seems too high for short alignments. Use -T AUTO to determine best number of threads.
443  TPM3+G4       4380.631     86  8933.262     8970.210     9294.331
WARNING: Number of threads seems too high for short alignments. Use -T AUTO to determine best number of threads.
444  TPM3+I+G4     4379.923     87  8933.847     8971.748     9299.114
465  TPM3+G4       4380.631     86  8933.262     8970.210     9294.331
466  TPM3+I+G4     4379.923     87  8933.847     8971.748     9299.114
WARNING: Number of threads seems too high for short alignments. Use -T AUTO to determine best number of threads.
487  TPM3u+G4      4380.629     86  8933.258     8970.206     9294.327
WARNING: Number of threads seems too high for short alignments. Use -T AUTO to determine best number of threads.
488  TPM3u+I+G4    4379.885     87  8933.771     8971.672     9299.039
WARNING: Number of threads seems too high for short alignments. Use -T AUTO to determine best number of threads.
509  TPM3u+F+G4    4114.610     89  8407.219     8447.070     8780.884
WARNING: Number of threads seems too high for short alignments. Use -T AUTO to determine best number of threads.
510  TPM3u+F+I+G4  4112.581     90  8405.163     8446.011     8783.026
WARNING: Number of threads seems too high for short alignments. Use -T AUTO to determine best number of threads.
531  TIMe+G4       4253.093     87  8680.187     8718.088     9045.454
WARNING: Number of threads seems too high for short alignments. Use -T AUTO to determine best number of threads.
532  TIMe+I+G4     4251.812     88  8679.624     8718.492     9049.090
553  TIMe+G4       4253.093     87  8680.187     8718.088     9045.454
554  TIMe+I+G4     4251.812     88  8679.624     8718.492     9049.090
WARNING: Number of threads seems too high for short alignments. Use -T AUTO to determine best number of threads.
575  TIM+G4        4253.094     87  8680.188     8718.089     9045.456
WARNING: Number of threads seems too high for short alignments. Use -T AUTO to determine best number of threads.
576  TIM+I+G4      4251.794     88  8679.589     8718.457     9049.055
WARNING: Number of threads seems too high for short alignments. Use -T AUTO to determine best number of threads.
597  TIM+F+G4      4077.031     90  8334.061     8374.909     8711.925
WARNING: Number of threads seems too high for short alignments. Use -T AUTO to determine best number of threads.
598  TIM+F+I+G4    4076.087     91  8334.174     8376.034     8716.235
WARNING: Number of threads seems too high for short alignments. Use -T AUTO to determine best number of threads.
619  TIM2e+G4      4375.510     87  8925.021     8962.922     9290.288
WARNING: Number of threads seems too high for short alignments. Use -T AUTO to determine best number of threads.
620  TIM2e+I+G4    4374.289     88  8924.579     8963.447     9294.045
641  TIM2e+G4      4375.510     87  8925.021     8962.922     9290.288
642  TIM2e+I+G4    4374.289     88  8924.579     8963.447     9294.045
WARNING: Number of threads seems too high for short alignments. Use -T AUTO to determine best number of threads.
663  TIM2+G4       4375.510     87  8925.019     8962.920     9290.287
WARNING: Number of threads seems too high for short alignments. Use -T AUTO to determine best number of threads.
664  TIM2+I+G4     4374.288     88  8924.576     8963.444     9294.042
WARNING: Number of threads seems too high for short alignments. Use -T AUTO to determine best number of threads.
685  TIM2+F+G4     4096.148     90  8372.295     8413.143     8750.159
WARNING: Number of threads seems too high for short alignments. Use -T AUTO to determine best number of threads.
686  TIM2+F+I+G4   4095.188     91  8372.375     8414.235     8754.437
WARNING: Number of threads seems too high for short alignments. Use -T AUTO to determine best number of threads.
707  TIM3e+G4      4364.488     87  8902.977     8940.878     9268.244
WARNING: Number of threads seems too high for short alignments. Use -T AUTO to determine best number of threads.
708  TIM3e+I+G4    4363.784     88  8903.568     8942.437     9273.034
729  TIM3e+G4      4364.488     87  8902.977     8940.878     9268.244
730  TIM3e+I+G4    4363.784     88  8903.568     8942.437     9273.034
WARNING: Number of threads seems too high for short alignments. Use -T AUTO to determine best number of threads.
751  TIM3+G4       4364.484     87  8902.969     8940.870     9268.236
WARNING: Number of threads seems too high for short alignments. Use -T AUTO to determine best number of threads.
752  TIM3+I+G4     4363.767     88  8903.534     8942.402     9273.000
WARNING: Number of threads seems too high for short alignments. Use -T AUTO to determine best number of threads.
773  TIM3+F+G4     4109.182     90  8398.364     8439.212     8776.228
WARNING: Number of threads seems too high for short alignments. Use -T AUTO to determine best number of threads.
774  TIM3+F+I+G4   4106.809     91  8395.618     8437.478     8777.679
WARNING: Number of threads seems too high for short alignments. Use -T AUTO to determine best number of threads.
795  TVMe+G4       4218.843     88  8613.686     8652.555     8983.153
WARNING: Number of threads seems too high for short alignments. Use -T AUTO to determine best number of threads.
796  TVMe+I+G4     4217.296     89  8612.591     8652.442     8986.256
817  TVMe+G4       4218.843     88  8613.686     8652.555     8983.153
818  TVMe+I+G4     4217.296     89  8612.591     8652.442     8986.256
WARNING: Number of threads seems too high for short alignments. Use -T AUTO to determine best number of threads.
839  TVM+G4        4218.840     88  8613.680     8652.549     8983.146
WARNING: Number of threads seems too high for short alignments. Use -T AUTO to determine best number of threads.
840  TVM+I+G4      4217.294     89  8612.588     8652.438     8986.252
WARNING: Number of threads seems too high for short alignments. Use -T AUTO to determine best number of threads.
861  TVM+F+G4      4079.529     91  8341.058     8382.918     8723.119
WARNING: Number of threads seems too high for short alignments. Use -T AUTO to determine best number of threads.
862  TVM+F+I+G4    4078.587     92  8341.174     8384.061     8727.434
WARNING: Number of threads seems too high for short alignments. Use -T AUTO to determine best number of threads.
883  SYM+G4        4193.245     89  8564.490     8604.341     8938.155
WARNING: Number of threads seems too high for short alignments. Use -T AUTO to determine best number of threads.
884  SYM+I+G4      4191.873     90  8563.747     8604.595     8941.610
905  SYM+G4        4193.245     89  8564.490     8604.341     8938.155
906  SYM+I+G4      4191.873     90  8563.747     8604.595     8941.610
WARNING: Number of threads seems too high for short alignments. Use -T AUTO to determine best number of threads.
927  GTR+G4        4193.244     89  8564.488     8604.339     8938.153
WARNING: Number of threads seems too high for short alignments. Use -T AUTO to determine best number of threads.
928  GTR+I+G4      4191.870     90  8563.740     8604.588     8941.603
WARNING: Number of threads seems too high for short alignments. Use -T AUTO to determine best number of threads.
949  GTR+F+G4      4076.022     92  8336.044     8378.931     8722.304
WARNING: Number of threads seems too high for short alignments. Use -T AUTO to determine best number of threads.
950  GTR+F+I+G4    4075.230     93  8336.460     8380.390     8726.919
Akaike Information Criterion:           TIM+F+G4
Corrected Akaike Information Criterion: TIM+F+G4
Bayesian Information Criterion:         TIM+F+G4
Best-fit model: TIM+F+G4 chosen according to BIC

All model information printed to mafft_res_trimmed.fasta.model.gz
CPU time for ModelFinder: 53.116 seconds (0h:0m:53s)
Wall-clock time for ModelFinder: 24.115 seconds (0h:0m:24s)
Generating 1000 samples for ultrafast bootstrap (seed: 795387)...

NOTE: 2 MB RAM (0 GB) is required!
WARNING: Number of threads seems too high for short alignments. Use -T AUTO to determine best number of threads.
Estimate model parameters (epsilon = 0.100)
1. Initial log-likelihood: -4079.786
2. Current log-likelihood: -4077.120
Optimal log-likelihood: -4077.020
Rate parameters:  A-C: 1.00000  A-G: 7.93128  A-T: 5.33209  C-G: 5.33209  C-T: 4.85328  G-T: 1.00000
Base frequencies:  A: 0.421  C: 0.061  G: 0.119  T: 0.399
Gamma shape alpha: 0.350
Parameters optimization took 2 rounds (0.014 sec)
Wrote distance file to... 
Computing ML distances based on estimated model parameters...
Calculating distance matrix: done in 0.00310107 secs using 300.2% CPU
Computing ML distances took 0.003174 sec (of wall-clock time) 0.009389 sec (of CPU time)
Setting up auxiliary I and S matrices: done in 0.000140023 secs using 227.1% CPU
Constructing RapidNJ tree: done in 0.0049393 secs using 158.4% CPU
Computing RapidNJ tree took 0.005143 sec (of wall-clock time) 0.008308 sec (of CPU time)
Log-likelihood of RapidNJ tree: -4098.125
--------------------------------------------------------------------
|             INITIALIZING CANDIDATE TREE SET                      |
--------------------------------------------------------------------
Generating 98 parsimony trees... 0.222 second
Computing log-likelihood of 98 initial trees ... 0.243 seconds
Current best score: -4077.020

Do NNI search on 20 best initial trees
Optimizing NNI: done in 0.0134984 secs using 298% CPU
Estimate model parameters (epsilon = 0.100)
BETTER TREE FOUND at iteration 1: -4077.016
Optimizing NNI: done in 0.0628388 secs using 292.6% CPU
Estimate model parameters (epsilon = 0.100)
BETTER TREE FOUND at iteration 2: -4063.869
Optimizing NNI: done in 0.0631857 secs using 293% CPU
Optimizing NNI: done in 0.0866558 secs using 290.1% CPU
Estimate model parameters (epsilon = 0.100)
BETTER TREE FOUND at iteration 4: -4062.418
Optimizing NNI: done in 0.0749649 secs using 292% CPU
Optimizing NNI: done in 0.0660509 secs using 284.9% CPU
Optimizing NNI: done in 0.0725376 secs using 293.1% CPU
Optimizing NNI: done in 0.0576237 secs using 296.5% CPU
Optimizing NNI: done in 0.0587821 secs using 295.9% CPU
Optimizing NNI: done in 0.0615187 secs using 292% CPU
Iteration 10 / LogL: -4062.767 / Time: 0h:0m:25s
Optimizing NNI: done in 0.0699488 secs using 291.5% CPU
Optimizing NNI: done in 0.0607631 secs using 280.6% CPU
Optimizing NNI: done in 0.0628517 secs using 295.8% CPU
Optimizing NNI: done in 0.0637666 secs using 288.3% CPU
Optimizing NNI: done in 0.0669546 secs using 285.3% CPU
Optimizing NNI: done in 0.0598541 secs using 292.4% CPU
Estimate model parameters (epsilon = 0.100)
BETTER TREE FOUND at iteration 16: -4061.179
Optimizing NNI: done in 0.071599 secs using 287% CPU
Optimizing NNI: done in 0.0602507 secs using 294.4% CPU
Optimizing NNI: done in 0.0710858 secs using 285.5% CPU
Optimizing NNI: done in 0.0617392 secs using 289.8% CPU
Iteration 20 / LogL: -4064.206 / Time: 0h:0m:25s
Finish initializing candidate tree set (16)
Current best tree score: -4061.179 / CPU time: 1.774
Number of iterations: 20
--------------------------------------------------------------------
|               OPTIMIZING CANDIDATE TREE SET                      |
--------------------------------------------------------------------
Optimizing NNI: done in 0.0681896 secs using 293.5% CPU
Optimizing NNI: done in 0.0902103 secs using 290.1% CPU
Optimizing NNI: done in 0.0640492 secs using 289.2% CPU
Optimizing NNI: done in 0.0516976 secs using 291.1% CPU
Optimizing NNI: done in 0.0537593 secs using 295.4% CPU
Optimizing NNI: done in 0.0690448 secs using 289.8% CPU
Optimizing NNI: done in 0.0687233 secs using 281.6% CPU
Optimizing NNI: done in 0.0940577 secs using 288% CPU
Optimizing NNI: done in 0.0650077 secs using 292.8% CPU
Optimizing NNI: done in 0.0570241 secs using 286.3% CPU
Iteration 30 / LogL: -4063.203 / Time: 0h:0m:26s (0h:0m:7s left)
Optimizing NNI: done in 0.0755961 secs using 292.7% CPU
Optimizing NNI: done in 0.0564893 secs using 286.4% CPU
Optimizing NNI: done in 0.0643192 secs using 293.2% CPU
Optimizing NNI: done in 0.068544 secs using 291.4% CPU
Optimizing NNI: done in 0.0659434 secs using 286.9% CPU
Optimizing NNI: done in 0.0464752 secs using 285.5% CPU
Optimizing NNI: done in 0.0690242 secs using 290.9% CPU
Estimate model parameters (epsilon = 0.100)
BETTER TREE FOUND at iteration 37: -4060.914
Optimizing NNI: done in 0.0533572 secs using 291.9% CPU
Optimizing NNI: done in 0.0709204 secs using 290.8% CPU
Optimizing NNI: done in 0.0836988 secs using 286.7% CPU
Iteration 40 / LogL: -4061.733 / Time: 0h:0m:27s (0h:0m:8s left)
Optimizing NNI: done in 0.0791701 secs using 290% CPU
Optimizing NNI: done in 0.0607488 secs using 292.8% CPU
Optimizing NNI: done in 0.0744798 secs using 288% CPU
Optimizing NNI: done in 0.0487955 secs using 291.2% CPU
Optimizing NNI: done in 0.0740139 secs using 294.7% CPU
Optimizing NNI: done in 0.0565879 secs using 293% CPU
Optimizing NNI: done in 0.0480382 secs using 287.5% CPU
Optimizing NNI: done in 0.0777064 secs using 292.5% CPU
Optimizing NNI: done in 0.0643418 secs using 293.1% CPU
Optimizing NNI: done in 0.0603815 secs using 287.5% CPU
Iteration 50 / LogL: -4061.336 / Time: 0h:0m:28s (0h:0m:6s left)
Log-likelihood cutoff on original alignment: -4092.289
Optimizing NNI: done in 0.059925 secs using 290.4% CPU
Optimizing NNI: done in 0.0587276 secs using 278.3% CPU
Optimizing NNI: done in 0.0917076 secs using 291.7% CPU
Optimizing NNI: done in 0.0606522 secs using 291.5% CPU
Optimizing NNI: done in 0.0997817 secs using 293.7% CPU
Optimizing NNI: done in 0.0863688 secs using 287.3% CPU
Optimizing NNI: done in 0.058377 secs using 291.6% CPU
Optimizing NNI: done in 0.0806388 secs using 292% CPU
Optimizing NNI: done in 0.0899032 secs using 289.5% CPU
Optimizing NNI: done in 0.0569531 secs using 288.4% CPU
Iteration 60 / LogL: -4061.209 / Time: 0h:0m:28s (0h:0m:6s left)
Optimizing NNI: done in 0.0582491 secs using 290.3% CPU
Optimizing NNI: done in 0.0633623 secs using 291.3% CPU
Optimizing NNI: done in 0.0649612 secs using 287.3% CPU
Optimizing NNI: done in 0.0557602 secs using 286.9% CPU
Optimizing NNI: done in 0.0748692 secs using 285.1% CPU
Optimizing NNI: done in 0.0732251 secs using 290.8% CPU
Optimizing NNI: done in 0.0691347 secs using 284.7% CPU
Optimizing NNI: done in 0.0348774 secs using 276.4% CPU
Optimizing NNI: done in 0.0767847 secs using 288.3% CPU
Optimizing NNI: done in 0.0474008 secs using 290.7% CPU
Iteration 70 / LogL: -4101.139 / Time: 0h:0m:29s (0h:0m:5s left)
Optimizing NNI: done in 0.0666818 secs using 293.2% CPU
Optimizing NNI: done in 0.104162 secs using 282% CPU
Optimizing NNI: done in 0.0740098 secs using 288.6% CPU
Optimizing NNI: done in 0.0619285 secs using 290.1% CPU
Optimizing NNI: done in 0.0529696 secs using 285.6% CPU
Optimizing NNI: done in 0.0737769 secs using 287.3% CPU
Optimizing NNI: done in 0.0640777 secs using 290.5% CPU
Optimizing NNI: done in 0.0613475 secs using 282% CPU
Optimizing NNI: done in 0.0526627 secs using 283.9% CPU
Optimizing NNI: done in 0.0443595 secs using 297.1% CPU
Iteration 80 / LogL: -4061.714 / Time: 0h:0m:30s (0h:0m:4s left)
Optimizing NNI: done in 0.0579036 secs using 284.8% CPU
Optimizing NNI: done in 0.0514354 secs using 287.2% CPU
Optimizing NNI: done in 0.0503934 secs using 290.3% CPU
Optimizing NNI: done in 0.0579081 secs using 283.2% CPU
Optimizing NNI: done in 0.0518387 secs using 285.2% CPU
Optimizing NNI: done in 0.0577892 secs using 287.2% CPU
Optimizing NNI: done in 0.0827692 secs using 287.9% CPU
Optimizing NNI: done in 0.105325 secs using 287.4% CPU
Optimizing NNI: done in 0.0777132 secs using 283.5% CPU
Optimizing NNI: done in 0.0791535 secs using 291% CPU
Iteration 90 / LogL: -4061.230 / Time: 0h:0m:31s (0h:0m:3s left)
Optimizing NNI: done in 0.0634787 secs using 287.3% CPU
Optimizing NNI: done in 0.0912805 secs using 288.1% CPU
Optimizing NNI: done in 0.0770696 secs using 289.4% CPU
Optimizing NNI: done in 0.0798255 secs using 281.5% CPU
Optimizing NNI: done in 0.0842657 secs using 282.6% CPU
Estimate model parameters (epsilon = 0.100)
BETTER TREE FOUND at iteration 95: -4060.510
Optimizing NNI: done in 0.0747033 secs using 290% CPU
Optimizing NNI: done in 0.071402 secs using 290.1% CPU
Optimizing NNI: done in 0.0785969 secs using 289.3% CPU
Optimizing NNI: done in 0.0875801 secs using 286.7% CPU
Optimizing NNI: done in 0.0797728 secs using 292.5% CPU
Iteration 100 / LogL: -4060.924 / Time: 0h:0m:31s (0h:0m:7s left)
Log-likelihood cutoff on original alignment: -4092.289
NOTE: Bootstrap correlation coefficient of split occurrence frequencies: 0.996
Optimizing NNI: done in 0.0517765 secs using 278.2% CPU
Optimizing NNI: done in 0.0699111 secs using 290.4% CPU
Optimizing NNI: done in 0.0650695 secs using 290% CPU
Optimizing NNI: done in 0.0673531 secs using 290.1% CPU
Optimizing NNI: done in 0.068753 secs using 282.8% CPU
Optimizing NNI: done in 0.0710252 secs using 294.3% CPU
Optimizing NNI: done in 0.0874435 secs using 292.2% CPU
Optimizing NNI: done in 0.0710564 secs using 289.3% CPU
Optimizing NNI: done in 0.0642131 secs using 288.6% CPU
Optimizing NNI: done in 0.0620437 secs using 289.8% CPU
Iteration 110 / LogL: -4061.239 / Time: 0h:0m:32s (0h:0m:7s left)
Optimizing NNI: done in 0.0651238 secs using 283.6% CPU
Optimizing NNI: done in 0.0646672 secs using 289.7% CPU
Optimizing NNI: done in 0.0739251 secs using 289.5% CPU
Optimizing NNI: done in 0.0478982 secs using 287.2% CPU
Estimate model parameters (epsilon = 0.100)
UPDATE BEST LOG-LIKELIHOOD: -4060.260
Optimizing NNI: done in 0.0640794 secs using 288.9% CPU
Estimate model parameters (epsilon = 0.100)
BETTER TREE FOUND at iteration 115: -4059.907
Optimizing NNI: done in 0.0675719 secs using 283.7% CPU
Optimizing NNI: done in 0.0514089 secs using 279.6% CPU
Optimizing NNI: done in 0.0686724 secs using 294.6% CPU
Optimizing NNI: done in 0.054861 secs using 288.7% CPU
Optimizing NNI: done in 0.0743811 secs using 296.2% CPU
Iteration 120 / LogL: -4060.596 / Time: 0h:0m:33s (0h:0m:7s left)
Optimizing NNI: done in 0.0549764 secs using 284.2% CPU
Estimate model parameters (epsilon = 0.100)
UPDATE BEST LOG-LIKELIHOOD: -4059.586
Optimizing NNI: done in 0.0642783 secs using 290.7% CPU
Optimizing NNI: done in 0.0852148 secs using 291.6% CPU
UPDATE BEST LOG-LIKELIHOOD: -4059.586
Optimizing NNI: done in 0.0527963 secs using 290.1% CPU
Optimizing NNI: done in 0.0389707 secs using 293.2% CPU
Optimizing NNI: done in 0.0755642 secs using 284.1% CPU
Optimizing NNI: done in 0.0842405 secs using 286.5% CPU
Optimizing NNI: done in 0.0774505 secs using 289.9% CPU
Optimizing NNI: done in 0.0435422 secs using 282.9% CPU
Optimizing NNI: done in 0.0509432 secs using 291.5% CPU
Iteration 130 / LogL: -4059.907 / Time: 0h:0m:34s (0h:0m:6s left)
Optimizing NNI: done in 0.0596215 secs using 278.4% CPU
Optimizing NNI: done in 0.04582 secs using 290.8% CPU
Optimizing NNI: done in 0.0702884 secs using 292.5% CPU
Optimizing NNI: done in 0.0641482 secs using 289.8% CPU
Optimizing NNI: done in 0.0602321 secs using 284.9% CPU
Optimizing NNI: done in 0.0769737 secs using 287.3% CPU
Optimizing NNI: done in 0.0630861 secs using 289% CPU
Optimizing NNI: done in 0.0684959 secs using 289.6% CPU
Optimizing NNI: done in 0.0627357 secs using 288.2% CPU
Optimizing NNI: done in 0.0722807 secs using 290.7% CPU
Iteration 140 / LogL: -4061.831 / Time: 0h:0m:34s (0h:0m:5s left)
Optimizing NNI: done in 0.0733123 secs using 285.7% CPU
Optimizing NNI: done in 0.0783542 secs using 292.7% CPU
Optimizing NNI: done in 0.065292 secs using 285.3% CPU
Optimizing NNI: done in 0.0536437 secs using 289.5% CPU
Optimizing NNI: done in 0.0510091 secs using 293% CPU
Optimizing NNI: done in 0.0611533 secs using 293.3% CPU
Optimizing NNI: done in 0.0665183 secs using 291% CPU
Optimizing NNI: done in 0.0541843 secs using 288% CPU
Optimizing NNI: done in 0.0698992 secs using 286% CPU
Optimizing NNI: done in 0.0591948 secs using 285.3% CPU
Iteration 150 / LogL: -4066.473 / Time: 0h:0m:35s (0h:0m:4s left)
Log-likelihood cutoff on original alignment: -4092.289
Optimizing NNI: done in 0.0671195 secs using 285.7% CPU
Optimizing NNI: done in 0.0682268 secs using 289.8% CPU
Optimizing NNI: done in 0.0609151 secs using 291.5% CPU
Optimizing NNI: done in 0.0653212 secs using 283.1% CPU
Optimizing NNI: done in 0.0554368 secs using 286.1% CPU
Optimizing NNI: done in 0.0791736 secs using 288% CPU
Optimizing NNI: done in 0.071915 secs using 286.5% CPU
Optimizing NNI: done in 0.0698846 secs using 292% CPU
Optimizing NNI: done in 0.0637755 secs using 288.3% CPU
Optimizing NNI: done in 0.050666 secs using 287.6% CPU
Iteration 160 / LogL: -4059.667 / Time: 0h:0m:36s (0h:0m:4s left)
Optimizing NNI: done in 0.0432844 secs using 277.4% CPU
Optimizing NNI: done in 0.0651205 secs using 289.1% CPU
Optimizing NNI: done in 0.0684505 secs using 291.6% CPU
Optimizing NNI: done in 0.0618343 secs using 291.5% CPU
Optimizing NNI: done in 0.0720562 secs using 288.5% CPU
Optimizing NNI: done in 0.060425 secs using 290.9% CPU
Optimizing NNI: done in 0.0571758 secs using 286.5% CPU
Optimizing NNI: done in 0.0860637 secs using 289.2% CPU
Optimizing NNI: done in 0.0600128 secs using 288% CPU
Optimizing NNI: done in 0.0809216 secs using 287.2% CPU
Iteration 170 / LogL: -4059.907 / Time: 0h:0m:36s (0h:0m:3s left)
Optimizing NNI: done in 0.066172 secs using 288.8% CPU
Optimizing NNI: done in 0.0696581 secs using 289.5% CPU
Optimizing NNI: done in 0.0711376 secs using 291% CPU
Optimizing NNI: done in 0.0497871 secs using 291.9% CPU
Optimizing NNI: done in 0.0561951 secs using 279.6% CPU
Optimizing NNI: done in 0.0499172 secs using 289.6% CPU
Optimizing NNI: done in 0.0751582 secs using 288.4% CPU
Optimizing NNI: done in 0.0577586 secs using 290.2% CPU
Optimizing NNI: done in 0.050441 secs using 285.7% CPU
Optimizing NNI: done in 0.0668823 secs using 287.9% CPU
Iteration 180 / LogL: -4094.114 / Time: 0h:0m:37s (0h:0m:2s left)
Optimizing NNI: done in 0.0649089 secs using 288.2% CPU
Optimizing NNI: done in 0.0553408 secs using 282.2% CPU
Optimizing NNI: done in 0.042734 secs using 294.9% CPU
Optimizing NNI: done in 0.0746374 secs using 289.9% CPU
Optimizing NNI: done in 0.0639923 secs using 292.1% CPU
Optimizing NNI: done in 0.0635534 secs using 293.7% CPU
Optimizing NNI: done in 0.0604813 secs using 288.8% CPU
Optimizing NNI: done in 0.0652197 secs using 287.4% CPU
Optimizing NNI: done in 0.0734282 secs using 288.3% CPU
Optimizing NNI: done in 0.0497668 secs using 291.9% CPU
Iteration 190 / LogL: -4060.498 / Time: 0h:0m:38s (0h:0m:1s left)
Optimizing NNI: done in 0.0740418 secs using 285.6% CPU
Optimizing NNI: done in 0.070967 secs using 283.7% CPU
Optimizing NNI: done in 0.0611066 secs using 291.5% CPU
UPDATE BEST LOG-LIKELIHOOD: -4059.586
Optimizing NNI: done in 0.0784689 secs using 288.2% CPU
Optimizing NNI: done in 0.0568947 secs using 287.8% CPU
Optimizing NNI: done in 0.0785588 secs using 288.1% CPU
Optimizing NNI: done in 0.0739261 secs using 284% CPU
Optimizing NNI: done in 0.0612654 secs using 286.5% CPU
Optimizing NNI: done in 0.0673259 secs using 289.8% CPU
Optimizing NNI: done in 0.0473793 secs using 292.7% CPU
Iteration 200 / LogL: -4061.162 / Time: 0h:0m:39s (0h:0m:1s left)
Log-likelihood cutoff on original alignment: -4092.289
NOTE: Bootstrap correlation coefficient of split occurrence frequencies: 0.991
Optimizing NNI: done in 0.0524645 secs using 279.9% CPU
Optimizing NNI: done in 0.0562766 secs using 277.8% CPU
Optimizing NNI: done in 0.0614589 secs using 292.8% CPU
Optimizing NNI: done in 0.0781943 secs using 287.1% CPU
Optimizing NNI: done in 0.0608393 secs using 291.4% CPU
Optimizing NNI: done in 0.0596349 secs using 292.6% CPU
Optimizing NNI: done in 0.0487577 secs using 286.3% CPU
Optimizing NNI: done in 0.0593608 secs using 286% CPU
Optimizing NNI: done in 0.0576096 secs using 287.6% CPU
Optimizing NNI: done in 0.0606108 secs using 289.7% CPU
Iteration 210 / LogL: -4059.912 / Time: 0h:0m:39s (0h:0m:6s left)
Optimizing NNI: done in 0.0468727 secs using 287.2% CPU
Optimizing NNI: done in 0.0593785 secs using 289.3% CPU
Optimizing NNI: done in 0.0618961 secs using 290.8% CPU
Optimizing NNI: done in 0.0557614 secs using 285% CPU
Optimizing NNI: done in 0.0722324 secs using 292.2% CPU
Optimizing NNI: done in 0.0741345 secs using 291% CPU
TREE SEARCH COMPLETED AFTER 216 ITERATIONS / Time: 0h:0m:40s

--------------------------------------------------------------------
|                    FINALIZING TREE SEARCH                        |
--------------------------------------------------------------------
Performs final model parameters optimization
Estimate model parameters (epsilon = 0.010)
1. Initial log-likelihood: -4059.586
Optimal log-likelihood: -4059.586
Rate parameters:  A-C: 1.00000  A-G: 7.78470  A-T: 5.32078  C-G: 5.32078  C-T: 4.95188  G-T: 1.00000
Base frequencies:  A: 0.421  C: 0.061  G: 0.119  T: 0.399
Gamma shape alpha: 0.348
Parameters optimization took 1 rounds (0.006 sec)
BEST SCORE FOUND : -4059.586
Creating bootstrap support values...
Split supports printed to NEXUS file mafft_res_trimmed.fasta.splits.nex
Total tree length: 3.741

Total number of iterations: 216
CPU time used for tree search: 43.963 sec (0h:0m:43s)
Wall-clock time used for tree search: 16.072 sec (0h:0m:16s)
Total CPU time used: 97.299 sec (0h:1m:37s)
Total wall-clock time used: 40.326 sec (0h:0m:40s)

Computing bootstrap consensus tree...
Reading input file mafft_res_trimmed.fasta.splits.nex...
43 taxa and 496 splits.
Consensus tree written to mafft_res_trimmed.fasta.contree
Reading input trees file mafft_res_trimmed.fasta.contree
Log-likelihood of consensus tree: -4063.199

Analysis results written to: 
  IQ-TREE report:                mafft_res_trimmed.fasta.iqtree
  Maximum-likelihood tree:       mafft_res_trimmed.fasta.treefile
  Likelihood distances:          mafft_res_trimmed.fasta.mldist

Ultrafast bootstrap approximation results written to:
  Split support values:          mafft_res_trimmed.fasta.splits.nex
  Consensus tree:                mafft_res_trimmed.fasta.contree
  Screen log file:               mafft_res_trimmed.fasta.log

Date and Time: Wed Dec  3 11:33:40 2025
